cs442/PA4AD_Ch05_Intents/app/build/outputs/logs/manifest-merger-debug-report.txt
-- Merging decision tree log ---
manifest
ADDED from src\main\AndroidManifest.xml:2:1-77:12
	xmlns:android
		ADDED from src\main\AndroidManifest.xml:2:11-69
	package
		ADDED from src\main\AndroidManifest.xml:3:3-29
		INJECTED from src\main\AndroidManifest.xml
		INJECTED from src\main\AndroidManifest.xml
	android:versionName
		ADDED from src\main\AndroidManifest.xml:5:3-28
	android:versionCode
		ADDED from src\main\AndroidManifest.xml:4:3-26
		INJECTED from src\main\AndroidManifest.xml
		INJECTED from src\main\AndroidManifest.xml
application
ADDED from src\main\AndroidManifest.xml:7:3-76:17
	android:label
		ADDED from src\main\AndroidManifest.xml:9:5-37
	android:icon
		ADDED from src\main\AndroidManifest.xml:8:5-41
activity#com.paad.intents.MyBlogViewerActivity
ADDED from src\main\AndroidManifest.xml:13:5-21:13
	android:name
		ADDED from src\main\AndroidManifest.xml:13:15-51
intent-filter#android.intent.action.VIEW+android.intent.category.BROWSABLE+android.intent.category.DEFAULT
ADDED from src\main\AndroidManifest.xml:14:4-20:20
action#android.intent.action.VIEW
ADDED from src\main\AndroidManifest.xml:15:6-58
	android:name
		ADDED from src\main\AndroidManifest.xml:15:14-55
category#android.intent.category.DEFAULT
ADDED from src\main\AndroidManifest.xml:16:6-65
	android:name
		ADDED from src\main\AndroidManifest.xml:16:16-62
category#android.intent.category.BROWSABLE
ADDED from src\main\AndroidManifest.xml:17:6-67
	android:name
		ADDED from src\main\AndroidManifest.xml:17:16-64
data
ADDED from src\main\AndroidManifest.xml:18:6-19:52
	android:host
		ADDED from src\main\AndroidManifest.xml:19:12-50
	android:scheme
		ADDED from src\main\AndroidManifest.xml:18:12-33
activity#com.paad.intents.NostromoController
ADDED from src\main\AndroidManifest.xml:24:5-34:13
	android:name
		ADDED from src\main\AndroidManifest.xml:24:15-49
intent-filter#android.intent.category.ALTERNATIVE+android.intent.category.SELECTED_ALTERNATIVE+com.pad.nostromo.NUKE_FROM_ORBIT
ADDED from src\main\AndroidManifest.xml:25:4-33:20
	android:label
		ADDED from src\main\AndroidManifest.xml:26:6-45
action#com.pad.nostromo.NUKE_FROM_ORBIT
ADDED from src\main\AndroidManifest.xml:27:6-63
	android:name
		ADDED from src\main\AndroidManifest.xml:27:14-61
category#android.intent.category.ALTERNATIVE
ADDED from src\main\AndroidManifest.xml:29:6-68
	android:name
		ADDED from src\main\AndroidManifest.xml:29:16-66
category#android.intent.category.SELECTED_ALTERNATIVE
ADDED from src\main\AndroidManifest.xml:30:6-32:8
	android:name
		ADDED from src\main\AndroidManifest.xml:31:8-67
receiver#com.paad.intents.MyReceiver
ADDED from src\main\AndroidManifest.xml:36:5-41:16
	android:name
		ADDED from src\main\AndroidManifest.xml:37:7-33
intent-filter#com.paad.intents.MyReceiverAction
ADDED from src\main\AndroidManifest.xml:38:7-40:23
action#com.paad.intents.MyReceiverAction
ADDED from src\main\AndroidManifest.xml:39:9-68
	android:name
		ADDED from src\main\AndroidManifest.xml:39:17-65
activity#com.paad.intents.SelectHorseActivity
ADDED from src\main\AndroidManifest.xml:43:5-46:16
	android:label
		ADDED from src\main\AndroidManifest.xml:45:7-35
	android:name
		ADDED from src\main\AndroidManifest.xml:44:7-42
activity#com.paad.intents.SelectGunActivity
ADDED from src\main\AndroidManifest.xml:48:5-51:16
	android:label
		ADDED from src\main\AndroidManifest.xml:50:7-33
	android:name
		ADDED from src\main\AndroidManifest.xml:49:7-40
activity#com.paad.intents.MyOtherActivity
ADDED from src\main\AndroidManifest.xml:53:5-56:16
	android:label
		ADDED from src\main\AndroidManifest.xml:55:7-37
	android:name
		ADDED from src\main\AndroidManifest.xml:54:7-38
activity#com.paad.intents.MyActivity
ADDED from src\main\AndroidManifest.xml:58:5-65:16
	android:label
		ADDED from src\main\AndroidManifest.xml:60:7-39
	android:name
		ADDED from src\main\AndroidManifest.xml:59:7-33
intent-filter#android.intent.action.MAIN+android.intent.category.LAUNCHER
ADDED from src\main\AndroidManifest.xml:61:7-64:23
action#android.intent.action.MAIN
ADDED from src\main\AndroidManifest.xml:62:9-61
	android:name
		ADDED from src\main\AndroidManifest.xml:62:17-58
category#android.intent.category.LAUNCHER
ADDED from src\main\AndroidManifest.xml:63:9-69
	android:name
		ADDED from src\main\AndroidManifest.xml:63:19-66
activity#com.paad.intents.DeviceStateActivity
ADDED from src\main\AndroidManifest.xml:67:5-74:16
	android:label
		ADDED from src\main\AndroidManifest.xml:69:7-35
	android:name
		ADDED from src\main\AndroidManifest.xml:68:7-42